MPASM 5.64                           WLC.ASM   2-2-2026  19:14:50         PAGE  1


LOC  OBJECT CODE     LINE SOURCE TEXT
  VALUE

                      00001 ;************************************************************************************
                      00002 ;   Filename:      WaterLevelController.asm                                          
                      00003 ;   Date:          January 25,2008                                          
                      00004 ;   File Version:  1.00                                                                  
                      00005 ;                                                                      
                      00006 ;************************************************************************************
                      00007 ;                                                                     
                      00008 ;    Files required:                                                  
                      00009 ;          WaterLevelController.inc                                                           
                      00010 ;************************************************************************************
                      00011 ;                                                                     
                      00012 ;    Notes:                                                           
                      00013 ;     This project shows the status of a Water Level Controller
                      00014 ;                                                        
                      00015 ;************************************************************************************
                      00016         #include        <WLC.inc>                       ; this file includes variable definitions and pi
                            n assignments   
                      00001 #include <p16f917.inc>
                      00001         LIST
                      00002 
                      00003 ;==========================================================================
                      00004 ; Build date : Oct 21 2015
                      00005 ;  MPASM PIC16F917 processor include
                      00006 ; 
                      00007 ;  (c) Copyright 1999-2015 Microchip Technology, All rights reserved
                      00008 ;==========================================================================
                      00009 
                      01253         LIST
                      00002 
2007   30E4           00003         __CONFIG    _CP_OFF & _CPD_OFF & _BOD_OFF & _PWRTE_ON & _WDT_OFF & _INTRC_OSC_NOCLKOUT & _MCLRE_
                            ON & _FCMEN_OFF & _IESO_OFF
                      00004 
                      00005         errorlevel -302         ; supress "register not in bank0, check page bits" message
                      00006 
                      00007 ; Pin Declarations (Mappings provided by lab)
                      00008 #define SW2     PORTA, 2    ; SensorLOW (RA2)
                      00009 #define SW3     PORTA, 3    ; SensorHIGH (RA3)
                      00010 #define LED1    PORTD, 5    ; Reflects SensorLOW status (D5)
                      00011 #define LED2    PORTD, 6    ; Reflects SensorHIGH status (D6)
                      00012 #define LED7    PORTD, 7    ; Pump Status (D7)
                      00013         
                      00014 ;--- Student Complete Section above
                      00015 ; Variable Declarations
                      00016         cblock  0x20
  00000020            00017                 Temp
                      00018         endc
                      00019 
                      00020 
                      00021 
                      00022 
                      00023 
                      00024 
                      00025 
MPASM 5.64                           WLC.ASM   2-2-2026  19:14:50         PAGE  2


LOC  OBJECT CODE     LINE SOURCE TEXT
  VALUE

                      00026 
                      00027 
                      00017 
                      00018 ;************************************************************************************
                      00019   org 0x00
0000   2???           00020         goto    Initialize
                      00021 
                      00022   org 0x05
                      00023 
                      00024 ;************************************************************************************
                      00025 ; Initialize - Initialize comparators, internal oscillator, I/O pins, 
                      00026 ;       analog pins, variables  
                      00027 ;
                      00028 ;************************************************************************************
0005                  00029 Initialize
                      00030     ; 1. Set Clock Speed (Bank 1)
0005   1683 1303      00031     banksel OSCCON
0007   3070           00032     movlw   b'01110000'     ; Set to 8MHz (as per your previous code)
0008   008F           00033     movwf   OSCCON
                      00034 
                      00035     ; 2. Disable Comparators (Bank 0)
0009   1683 1303      00036     banksel CMCON0
000B   3007           00037     movlw   0x07            ; 0x07 turns off comparators to allow digital I/O
000C   009C           00038     movwf   CMCON0
                      00039 
                      00040     ; 3. Disable Analog (Bank 3)
                      00041     ; Note: banksel is vital here because ANSEL is in Bank 3!
000D   1683 1303      00042     banksel ANSEL       
000F   0191           00043     clrf    ANSEL       
                      00044 
                      00045     ; 4. Configure I/O Direction (Bank 1)
0010   1683 1303      00046     banksel TRISA
0012   300C           00047     movlw   b'00001100'     ; RA2 and RA3 as inputs (1)
0013   0085           00048     movwf   TRISA
                      00049     
0014   1683 1303      00050     banksel TRISD
0016   0188           00051     clrf    TRISD           ; Set Port D as outputs (0) for LEDs
                      00052 
                      00053     ; 5. Configure Timer0 (Bank 1)
0017   1683 1303      00054     banksel OPTION_REG
0019   3086           00055     movlw   b'10000110'     ; Pull-ups disabled, TMR0 Prescaler 1:128
001A   0081           00056     movwf   OPTION_REG
                      00057 
                      00058     ; 6. Final Reset and Enter Main (Bank 0)
001B   1283 1303      00059     banksel PORTA
001D   0185           00060     clrf    PORTA
001E   0188           00061     clrf    PORTD
001F   2???           00062     goto    Main
                      00063 
                      00064 ;************************************************************************************
                      00065 ; Main Control Loop
                      00066 ;************************************************************************************
0020                  00067 Main
MPASM 5.64                           WLC.ASM   2-2-2026  19:14:50         PAGE  3


LOC  OBJECT CODE     LINE SOURCE TEXT
  VALUE

0020   1283           00068     bcf     STATUS, RP0     ; Ensure we are in Bank 0
                      00069     
                      00070     ; --- Step 1: Pump Logic (Hysteresis) ---
                      00071     ; If Sensor High (LED2) is ON (1), turn Pump (LED7) OFF
0021   1B08           00072     btfsc   LED2            ; Is LED2 high?
0022   1388           00073     bcf     LED7            ; Yes, Tank is Full -> Pump OFF
                      00074     
                      00075     ; If Sensor Low (LED1) is OFF (0), turn Pump (LED7) ON
0023   1E88           00076     btfss   LED1            ; Is LED1 low?
0024   1788           00077     bsf     LED7            ; Yes, Tank is Empty -> Pump ON
                      00078 
                      00079     ; --- Step 2: Poll Switches ---
0025   1D05           00080     btfss   SW2             ; Is SW2 pressed (0)?
0026   2???           00081     goto    SENSOR_LOW      ; Yes, go update LED1
                      00082     
0027   1D85           00083     btfss   SW3             ; Is SW3 pressed (0)?
0028   2???           00084     goto    SENSOR_HIGH     ; Yes, go update LED2
                      00085     
0029   2???           00086     goto    Main            ; No buttons pressed? Loop back to start
                      00087 
002A                  00088 SENSOR_LOW
002A   3020           00089     movlw   b'00100000'     ; Mask for LED1 (RD5)
002B   0688           00090     xorwf   PORTD, F        ; Toggle LED1
002C   2???           00091     goto    DebounceStateSW2 ; Wait for release, then goto Main
                      00092 
002D                  00093 SENSOR_HIGH
002D   3040           00094     movlw   b'01000000'     ; Mask for LED2 (RD6)
002E   0688           00095     xorwf   PORTD, F        ; Toggle LED2
002F   2???           00096     goto    DebounceStateSW3 ; Wait for release, then goto Main
                      00097 
                      00098 
                      00099 ;************************************************************************************
                      00100 ; Debounce Routines
                      00101 ;************************************************************************************
0030                  00102 DebounceStateSW2                                ; Wait here until SW2 is released
0030   1D05           00103         btfss   SW2
0031   2???           00104         goto    DebounceStateSW2
0032   0181           00105         clrf    TMR0                    ; Once released clear TMR0 and the TMR0 interrupt flag
0033   110B           00106         bcf     INTCON,T0IF             ;  in preparation to time 16ms
                      00107 
0034                  00108 DebounceState2SW2                               ; State2 makes sure than SW2 is unpressed for 16ms befor
                            e
0034   1D05           00109         btfss   SW2                                     ;  returning to look for the next time SW2 is pr
                            essed
0035   2???           00110         goto    DebounceStateSW2        ; If SW2 is pressed again in this state then return to State1
0036   1D0B           00111         btfss   INTCON,T0IF             ; Else, continue to count down 16ms
0037   2???           00112         goto    DebounceState2SW2       ; Time = TMR0_max * TMR0 prescaler * (1/(Fosc/4)) = 256*128*0.5E
                            -6 = 16.4ms
0038   2???           00113         goto    Main
                      00114 
0039                  00115 DebounceStateSW3                                ; Wait here until SW2 is released
0039   1D85           00116         btfss   SW3
003A   2???           00117         goto    DebounceStateSW3
MPASM 5.64                           WLC.ASM   2-2-2026  19:14:50         PAGE  4


LOC  OBJECT CODE     LINE SOURCE TEXT
  VALUE

003B   0181           00118         clrf    TMR0                    ; Once released clear TMR0 and the TMR0 interrupt flag
003C   110B           00119         bcf     INTCON,T0IF             ;  in preparation to time 16ms
                      00120 
003D                  00121 DebounceState2SW3                                       ; State2 makes sure than SW2 is unpressed for 16
                            ms before
003D   1D85           00122         btfss   SW3                                     ;  returning to look for the next time SW2 is pr
                            essed
003E   2???           00123         goto    DebounceStateSW3        ; If SW2 is pressed again in this state then return to State1
003F   1D0B           00124         btfss   INTCON,T0IF             ; Else, continue to count down 16ms
0040   2???           00125         goto    DebounceState2SW3               ; Time = TMR0_max * TMR0 prescaler * (1/(Fosc/4)) = 256*
                            128*0.5E-6 = 16.4ms
0041   2???           00126         goto    Main
                      00127 
30E4                  00128         END                                             ; directive 'end of program'
MPASM 5.64                           WLC.ASM   2-2-2026  19:14:50         PAGE  5


SYMBOL TABLE
  LABEL                             VALUE 

ADCON0                            0000001F
ADCON1                            0000009F
ADCS0                             00000004
ADCS1                             00000005
ADCS2                             00000006
ADDEN                             00000003
ADFM                              00000007
ADIE                              00000006
ADIF                              00000006
ADON                              00000000
ADRESH                            0000001E
ADRESL                            0000009E
AN0                               00000000
AN1                               00000001
AN2                               00000002
AN3                               00000003
AN4                               00000004
AN5                               00000005
AN6                               00000006
AN7                               00000007
ANS0                              00000000
ANS1                              00000001
ANS2                              00000002
ANS3                              00000003
ANS4                              00000004
ANS5                              00000005
ANS6                              00000006
ANS7                              00000007
ANSEL                             00000091
BF                                00000000
BIASMD                            00000006
BRGH                              00000002
C                                 00000000
C1IE                              00000005
C1IF                              00000005
C1INV                             00000004
C1OUT                             00000006
C2IE                              00000006
C2IF                              00000006
C2INV                             00000005
C2OUT                             00000007
C2SYNC                            00000000
CCP1CON                           00000017
CCP1IE                            00000002
CCP1IF                            00000002
CCP1M0                            00000000
CCP1M1                            00000001
CCP1M2                            00000002
CCP1M3                            00000003
CCP1X                             00000005
CCP1Y                             00000004
CCP2CON                           0000001D
CCP2IE                            00000000
MPASM 5.64                           WLC.ASM   2-2-2026  19:14:50         PAGE  6


SYMBOL TABLE
  LABEL                             VALUE 

CCP2IF                            00000000
CCP2M0                            00000000
CCP2M1                            00000001
CCP2M2                            00000002
CCP2M3                            00000003
CCP2X                             00000005
CCP2Y                             00000004
CCPR1                             00000015
CCPR1H                            00000016
CCPR1L                            00000015
CCPR2                             0000001B
CCPR2H                            0000001C
CCPR2L                            0000001B
CHS0                              00000002
CHS1                              00000003
CHS2                              00000004
CIS                               00000003
CKE                               00000006
CKP                               00000004
CM0                               00000000
CM1                               00000001
CM2                               00000002
CMCON0                            0000009C
CMCON1                            00000097
CREN                              00000004
CS0                               00000002
CS1                               00000003
CSRC                              00000007
D                                 00000005
DATA_ADDRESS                      00000005
DC                                00000001
D_A                               00000005
D_NOT_A                           00000005
DebounceState2SW2                 00000034
DebounceState2SW3                 0000003D
DebounceStateSW2                  00000030
DebounceStateSW3                  00000039
EEADR                             0000010D
EEADRH                            0000010F
EEADRH0                           00000000
EEADRH1                           00000001
EEADRH2                           00000002
EEADRH3                           00000003
EEADRH4                           00000004
EEADRL                            0000010D
EEADRL0                           00000000
EEADRL1                           00000001
EEADRL2                           00000002
EEADRL3                           00000003
EEADRL4                           00000004
EEADRL5                           00000005
EEADRL6                           00000006
EEADRL7                           00000007
MPASM 5.64                           WLC.ASM   2-2-2026  19:14:50         PAGE  7


SYMBOL TABLE
  LABEL                             VALUE 

EECON1                            0000018C
EECON2                            0000018D
EEDATA                            0000010C
EEDATH                            0000010E
EEDATH0                           00000000
EEDATH1                           00000001
EEDATH2                           00000002
EEDATH3                           00000003
EEDATH4                           00000004
EEDATH5                           00000005
EEDATL                            0000010C
EEDATL0                           00000000
EEDATL1                           00000001
EEDATL2                           00000002
EEDATL3                           00000003
EEDATL4                           00000004
EEDATL5                           00000005
EEDATL6                           00000006
EEDATL7                           00000007
EEIE                              00000007
EEIF                              00000007
EEPGD                             00000007
EERD                              00000000
EEWR                              00000001
F                                 00000001
FERR                              00000002
FSR                               00000004
GIE                               00000007
GO                                00000001
GO_DONE                           00000001
GO_NOT_DONE                       00000001
HTS                               00000002
I2C_DATA                          00000005
I2C_READ                          00000002
I2C_START                         00000003
I2C_STOP                          00000004
INDF                              00000000
INTCON                            0000000B
INTE                              00000004
INTEDG                            00000006
INTF                              00000001
IOC                               00000096
IOC4                              00000004
IOC5                              00000005
IOC6                              00000006
IOC7                              00000007
IOCB                              00000096
IOCB4                             00000004
IOCB5                             00000005
IOCB6                             00000006
IOCB7                             00000007
IRCF0                             00000004
IRCF1                             00000005
MPASM 5.64                           WLC.ASM   2-2-2026  19:14:50         PAGE  8


SYMBOL TABLE
  LABEL                             VALUE 

IRCF2                             00000006
IRP                               00000007
IRVST                             00000005
Initialize                        00000005
LCDA                              00000005
LCDCON                            00000107
LCDDATA0                          00000110
LCDDATA1                          00000111
LCDDATA10                         0000011A
LCDDATA11                         0000011B
LCDDATA2                          00000112
LCDDATA3                          00000113
LCDDATA4                          00000114
LCDDATA5                          00000115
LCDDATA6                          00000116
LCDDATA7                          00000117
LCDDATA8                          00000118
LCDDATA9                          00000119
LCDEN                             00000007
LCDIE                             00000004
LCDIF                             00000004
LCDPS                             00000108
LCDSE0                            0000011C
LCDSE1                            0000011D
LCDSE2                            0000011E
LED1                              PORTD, 5
LED2                              PORTD, 6
LED7                              PORTD, 7
LMUX0                             00000000
LMUX1                             00000001
LP0                               00000000
LP1                               00000001
LP2                               00000002
LP3                               00000003
LTS                               00000001
LVDCON                            00000109
LVDEN                             00000004
LVDIE                             00000002
LVDIF                             00000002
LVDL0                             00000000
LVDL1                             00000001
LVDL2                             00000002
Main                              00000020
NOT_A                             00000005
NOT_ADDRESS                       00000005
NOT_BO                            00000000
NOT_BOR                           00000000
NOT_DONE                          00000001
NOT_PD                            00000003
NOT_POR                           00000001
NOT_RBPU                          00000007
NOT_RC8                           00000006
NOT_T1SYNC                        00000002
MPASM 5.64                           WLC.ASM   2-2-2026  19:14:50         PAGE  9


SYMBOL TABLE
  LABEL                             VALUE 

NOT_TO                            00000004
NOT_TX8                           00000006
NOT_W                             00000002
NOT_WRITE                         00000002
OERR                              00000001
OPTION_REG                        00000081
OSCCON                            0000008F
OSCTUNE                           00000090
OSFIE                             00000007
OSFIF                             00000007
OSTS                              00000003
P                                 00000004
PCL                               00000002
PCLATH                            0000000A
PCON                              0000008E
PEIE                              00000006
PIE1                              0000008C
PIE2                              0000008D
PIR1                              0000000C
PIR2                              0000000D
PORTA                             00000005
PORTB                             00000006
PORTC                             00000007
PORTD                             00000008
PORTE                             00000009
PR2                               00000092
PS0                               00000000
PS1                               00000001
PS2                               00000002
PSA                               00000003
R                                 00000002
RA0                               00000000
RA1                               00000001
RA2                               00000002
RA3                               00000003
RA4                               00000004
RA5                               00000005
RA6                               00000006
RA7                               00000007
RB0                               00000000
RB1                               00000001
RB2                               00000002
RB3                               00000003
RB4                               00000004
RB5                               00000005
RB6                               00000006
RB7                               00000007
RBIE                              00000003
RBIF                              00000000
RC0                               00000000
RC1                               00000001
RC2                               00000002
RC3                               00000003
MPASM 5.64                           WLC.ASM   2-2-2026  19:14:50         PAGE 10


SYMBOL TABLE
  LABEL                             VALUE 

RC4                               00000004
RC5                               00000005
RC6                               00000006
RC7                               00000007
RC8_9                             00000006
RC9                               00000006
RCD8                              00000000
RCIE                              00000005
RCIF                              00000005
RCREG                             0000001A
RCSTA                             00000018
RD                                00000000
RD0                               00000000
RD1                               00000001
RD2                               00000002
RD3                               00000003
RD4                               00000004
RD5                               00000005
RD6                               00000006
RD7                               00000007
RE0                               00000000
RE1                               00000001
RE2                               00000002
RE3                               00000003
READ_WRITE                        00000002
RP0                               00000005
RP1                               00000006
RX9                               00000006
RX9D                              00000000
R_NOT_W                           00000002
R_W                               00000002
S                                 00000003
S0C0                              00000000
S0C1                              00000000
S0C2                              00000000
S0C3                              00000000
S10C0                             00000002
S10C1                             00000002
S10C2                             00000002
S10C3                             00000002
S11C0                             00000003
S11C1                             00000003
S11C2                             00000003
S11C3                             00000003
S12C0                             00000004
S12C1                             00000004
S12C2                             00000004
S12C3                             00000004
S13C0                             00000005
S13C1                             00000005
S13C2                             00000005
S13C3                             00000005
S14C0                             00000006
MPASM 5.64                           WLC.ASM   2-2-2026  19:14:50         PAGE 11


SYMBOL TABLE
  LABEL                             VALUE 

S14C1                             00000006
S14C2                             00000006
S14C3                             00000006
S15C0                             00000007
S15C1                             00000007
S15C2                             00000007
S15C3                             00000007
S16C0                             00000000
S16C1                             00000000
S16C2                             00000000
S16C3                             00000000
S17C0                             00000001
S17C1                             00000001
S17C2                             00000001
S17C3                             00000001
S18C0                             00000002
S18C1                             00000002
S18C2                             00000002
S18C3                             00000002
S19C0                             00000003
S19C1                             00000003
S19C2                             00000003
S19C3                             00000003
S1C0                              00000001
S1C1                              00000001
S1C2                              00000001
S1C3                              00000001
S20C0                             00000004
S20C1                             00000004
S20C2                             00000004
S20C3                             00000004
S21C0                             00000005
S21C1                             00000005
S21C2                             00000005
S21C3                             00000005
S22C0                             00000006
S22C1                             00000006
S22C2                             00000006
S22C3                             00000006
S23C0                             00000007
S23C1                             00000007
S23C2                             00000007
S23C3                             00000007
S2C0                              00000002
S2C1                              00000002
S2C2                              00000002
S2C3                              00000002
S3C0                              00000003
S3C1                              00000003
S3C2                              00000003
S3C3                              00000003
S4C0                              00000004
S4C1                              00000004
MPASM 5.64                           WLC.ASM   2-2-2026  19:14:50         PAGE 12


SYMBOL TABLE
  LABEL                             VALUE 

S4C2                              00000004
S4C3                              00000004
S5C0                              00000005
S5C1                              00000005
S5C2                              00000005
S5C3                              00000005
S6C0                              00000006
S6C1                              00000006
S6C2                              00000006
S6C3                              00000006
S7C0                              00000007
S7C1                              00000007
S7C2                              00000007
S7C3                              00000007
S8C0                              00000000
S8C1                              00000000
S8C2                              00000000
S8C3                              00000000
S9C0                              00000001
S9C1                              00000001
S9C2                              00000001
S9C3                              00000001
SBOREN                            00000004
SCS                               00000000
SE0                               00000000
SE1                               00000001
SE10                              00000002
SE11                              00000003
SE12                              00000004
SE13                              00000005
SE14                              00000006
SE15                              00000007
SE16                              00000000
SE17                              00000001
SE18                              00000002
SE19                              00000003
SE2                               00000002
SE20                              00000004
SE21                              00000005
SE22                              00000006
SE23                              00000007
SE3                               00000003
SE4                               00000004
SE5                               00000005
SE6                               00000006
SE7                               00000007
SE8                               00000000
SE9                               00000001
SEG0                              00000000
SEG0COM0                          00000000
SEG0COM1                          00000000
SEG0COM2                          00000000
SEG0COM3                          00000000
MPASM 5.64                           WLC.ASM   2-2-2026  19:14:50         PAGE 13


SYMBOL TABLE
  LABEL                             VALUE 

SEG1                              00000001
SEG10                             00000002
SEG10COM0                         00000002
SEG10COM1                         00000002
SEG10COM2                         00000002
SEG10COM3                         00000002
SEG11                             00000003
SEG11COM0                         00000003
SEG11COM1                         00000003
SEG11COM2                         00000003
SEG11COM3                         00000003
SEG12                             00000004
SEG12COM0                         00000004
SEG12COM1                         00000004
SEG12COM2                         00000004
SEG12COM3                         00000004
SEG13                             00000005
SEG13COM0                         00000005
SEG13COM1                         00000005
SEG13COM2                         00000005
SEG13COM3                         00000005
SEG14                             00000006
SEG14COM0                         00000006
SEG14COM1                         00000006
SEG14COM2                         00000006
SEG14COM3                         00000006
SEG15                             00000007
SEG15COM0                         00000007
SEG15COM1                         00000007
SEG15COM2                         00000007
SEG15COM3                         00000007
SEG16                             00000000
SEG16COM0                         00000000
SEG16COM1                         00000000
SEG16COM2                         00000000
SEG16COM3                         00000000
SEG17                             00000001
SEG17COM0                         00000001
SEG17COM1                         00000001
SEG17COM2                         00000001
SEG17COM3                         00000001
SEG18                             00000002
SEG18COM0                         00000002
SEG18COM1                         00000002
SEG18COM2                         00000002
SEG18COM3                         00000002
SEG19                             00000003
SEG19COM0                         00000003
SEG19COM1                         00000003
SEG19COM2                         00000003
SEG19COM3                         00000003
SEG1COM0                          00000001
SEG1COM1                          00000001
MPASM 5.64                           WLC.ASM   2-2-2026  19:14:50         PAGE 14


SYMBOL TABLE
  LABEL                             VALUE 

SEG1COM2                          00000001
SEG1COM3                          00000001
SEG2                              00000002
SEG20                             00000004
SEG20COM0                         00000004
SEG20COM1                         00000004
SEG20COM2                         00000004
SEG20COM3                         00000004
SEG21                             00000005
SEG21COM0                         00000005
SEG21COM1                         00000005
SEG21COM2                         00000005
SEG21COM3                         00000005
SEG22                             00000006
SEG22COM0                         00000006
SEG22COM1                         00000006
SEG22COM2                         00000006
SEG22COM3                         00000006
SEG23                             00000007
SEG23COM0                         00000007
SEG23COM1                         00000007
SEG23COM2                         00000007
SEG23COM3                         00000007
SEG2COM0                          00000002
SEG2COM1                          00000002
SEG2COM2                          00000002
SEG2COM3                          00000002
SEG3                              00000003
SEG3COM0                          00000003
SEG3COM1                          00000003
SEG3COM2                          00000003
SEG3COM3                          00000003
SEG4                              00000004
SEG4COM0                          00000004
SEG4COM1                          00000004
SEG4COM2                          00000004
SEG4COM3                          00000004
SEG5                              00000005
SEG5COM0                          00000005
SEG5COM1                          00000005
SEG5COM2                          00000005
SEG5COM3                          00000005
SEG6                              00000006
SEG6COM0                          00000006
SEG6COM1                          00000006
SEG6COM2                          00000006
SEG6COM3                          00000006
SEG7                              00000007
SEG7COM0                          00000007
SEG7COM1                          00000007
SEG7COM2                          00000007
SEG7COM3                          00000007
SEG8                              00000000
MPASM 5.64                           WLC.ASM   2-2-2026  19:14:50         PAGE 15


SYMBOL TABLE
  LABEL                             VALUE 

SEG8COM0                          00000000
SEG8COM1                          00000000
SEG8COM2                          00000000
SEG8COM3                          00000000
SEG9                              00000001
SEG9COM0                          00000001
SEG9COM1                          00000001
SEG9COM2                          00000001
SEG9COM3                          00000001
SEGEN0                            00000000
SEGEN1                            00000001
SEGEN10                           00000002
SEGEN11                           00000003
SEGEN12                           00000004
SEGEN13                           00000005
SEGEN14                           00000006
SEGEN15                           00000007
SEGEN16                           00000000
SEGEN17                           00000001
SEGEN18                           00000002
SEGEN19                           00000003
SEGEN2                            00000002
SEGEN20                           00000004
SEGEN21                           00000005
SEGEN22                           00000006
SEGEN23                           00000007
SEGEN3                            00000003
SEGEN4                            00000004
SEGEN5                            00000005
SEGEN6                            00000006
SEGEN7                            00000007
SEGEN8                            00000000
SEGEN9                            00000001
SENSOR_HIGH                       0000002D
SENSOR_LOW                        0000002A
SLPEN                             00000006
SMP                               00000007
SPBRG                             00000099
SPEN                              00000007
SREN                              00000005
SSPADD                            00000093
SSPBUF                            00000013
SSPCON                            00000014
SSPEN                             00000005
SSPIE                             00000003
SSPIF                             00000003
SSPM0                             00000000
SSPM1                             00000001
SSPM2                             00000002
SSPM3                             00000003
SSPOV                             00000006
SSPSTAT                           00000094
STATUS                            00000003
MPASM 5.64                           WLC.ASM   2-2-2026  19:14:50         PAGE 16


SYMBOL TABLE
  LABEL                             VALUE 

SW2                               PORTA, 2
SW3                               PORTA, 3
SWDTE                             00000000
SWDTEN                            00000000
SYNC                              00000004
T0CS                              00000005
T0IE                              00000005
T0IF                              00000002
T0SE                              00000004
T1CKPS0                           00000004
T1CKPS1                           00000005
T1CON                             00000010
T1GE                              00000006
T1GINV                            00000007
T1GSS                             00000001
T1INSYNC                          00000002
T1OSCEN                           00000003
T1SYNC                            00000002
T2CKPS0                           00000000
T2CKPS1                           00000001
T2CON                             00000012
TMR0                              00000001
TMR0IE                            00000005
TMR0IF                            00000002
TMR1                              0000000E
TMR1CS                            00000001
TMR1GE                            00000006
TMR1H                             0000000F
TMR1IE                            00000000
TMR1IF                            00000000
TMR1L                             0000000E
TMR1ON                            00000000
TMR2                              00000011
TMR2IE                            00000001
TMR2IF                            00000001
TMR2ON                            00000002
TOUTPS0                           00000003
TOUTPS1                           00000004
TOUTPS2                           00000005
TOUTPS3                           00000006
TRISA                             00000085
TRISA0                            00000000
TRISA1                            00000001
TRISA2                            00000002
TRISA3                            00000003
TRISA4                            00000004
TRISA5                            00000005
TRISA6                            00000006
TRISA7                            00000007
TRISB                             00000086
TRISB0                            00000000
TRISB1                            00000001
TRISB2                            00000002
MPASM 5.64                           WLC.ASM   2-2-2026  19:14:50         PAGE 17


SYMBOL TABLE
  LABEL                             VALUE 

TRISB3                            00000003
TRISB4                            00000004
TRISB5                            00000005
TRISB6                            00000006
TRISB7                            00000007
TRISC                             00000087
TRISC0                            00000000
TRISC1                            00000001
TRISC2                            00000002
TRISC3                            00000003
TRISC4                            00000004
TRISC5                            00000005
TRISC6                            00000006
TRISC7                            00000007
TRISD                             00000088
TRISD0                            00000000
TRISD1                            00000001
TRISD2                            00000002
TRISD3                            00000003
TRISD4                            00000004
TRISD5                            00000005
TRISD6                            00000006
TRISD7                            00000007
TRISE                             00000089
TRISE0                            00000000
TRISE1                            00000001
TRISE2                            00000002
TRISE3                            00000003
TRMT                              00000001
TUN0                              00000000
TUN1                              00000001
TUN2                              00000002
TUN3                              00000003
TUN4                              00000004
TX8_9                             00000006
TX9                               00000006
TX9D                              00000000
TXD8                              00000000
TXEN                              00000005
TXIE                              00000004
TXIF                              00000004
TXREG                             00000019
TXSTA                             00000098
Temp                              00000020
UA                                00000001
VCFG0                             00000005
VCFG1                             00000006
VLCDEN                            00000004
VR0                               00000000
VR1                               00000001
VR2                               00000002
VR3                               00000003
VRCON                             0000009D
MPASM 5.64                           WLC.ASM   2-2-2026  19:14:50         PAGE 18


SYMBOL TABLE
  LABEL                             VALUE 

VREN                              00000007
VRR                               00000005
W                                 00000000
WA                                00000004
WCOL                              00000007
WDTCON                            00000105
WDTPS0                            00000001
WDTPS1                            00000002
WDTPS2                            00000003
WDTPS3                            00000004
WERR                              00000005
WFT                               00000007
WPU                               00000095
WPU0                              00000000
WPU1                              00000001
WPU2                              00000002
WPU3                              00000003
WPU4                              00000004
WPU5                              00000005
WPU6                              00000006
WPU7                              00000007
WPUB                              00000095
WPUB0                             00000000
WPUB1                             00000001
WPUB2                             00000002
WPUB3                             00000003
WPUB4                             00000004
WPUB5                             00000005
WPUB6                             00000006
WPUB7                             00000007
WR                                00000001
WREN                              00000002
WRERR                             00000003
Z                                 00000002
_BOD_NSLEEP                       00003EFF
_BOD_OFF                          00003CFF
_BOD_ON                           00003FFF
_BOD_SBODEN                       00003DFF
_BOREN_NSLEEP                     00003EFF
_BOREN_OFF                        00003CFF
_BOREN_ON                         00003FFF
_BOREN_SBODEN                     00003DFF
_CONFIG                           00002007
_CPD_OFF                          00003FFF
_CPD_ON                           00003F7F
_CP_OFF                           00003FFF
_CP_ON                            00003FBF
_DEBUG_OFF                        00003FFF
_DEBUG_ON                         00002FFF
_DEVID1                           00002006
_EC_OSC                           00003FFB
_EXTRC                            00003FFF
_EXTRCIO                          00003FFE
MPASM 5.64                           WLC.ASM   2-2-2026  19:14:50         PAGE 19


SYMBOL TABLE
  LABEL                             VALUE 

_EXTRC_OSC_CLKOUT                 00003FFF
_EXTRC_OSC_NOCLKOUT               00003FFE
_FCMEN_OFF                        000037FF
_FCMEN_ON                         00003FFF
_FOSC_EC                          00003FFB
_FOSC_EXTRCCLK                    00003FFF
_FOSC_EXTRCIO                     00003FFE
_FOSC_HS                          00003FFA
_FOSC_INTOSCCLK                   00003FFD
_FOSC_INTOSCIO                    00003FFC
_FOSC_LP                          00003FF8
_FOSC_XT                          00003FF9
_HS_OSC                           00003FFA
_IDLOC0                           00002000
_IDLOC1                           00002001
_IDLOC2                           00002002
_IDLOC3                           00002003
_IESO_OFF                         00003BFF
_IESO_ON                          00003FFF
_INTOSC                           00003FFD
_INTOSCIO                         00003FFC
_INTRC_OSC_CLKOUT                 00003FFD
_INTRC_OSC_NOCLKOUT               00003FFC
_LP_OSC                           00003FF8
_MCLRE_OFF                        00003FDF
_MCLRE_ON                         00003FFF
_PWRTE_OFF                        00003FFF
_PWRTE_ON                         00003FEF
_WDTE_OFF                         00003FF7
_WDTE_ON                          00003FFF
_WDT_OFF                          00003FF7
_WDT_ON                           00003FFF
_XT_OSC                           00003FF9
__16F917                          00000001

Errors   :     0
Warnings :     0 reported,     0 suppressed
Messages :     0 reported,     6 suppressed

